# JRE version: Java(TM) SE Runtime Environment (10.0.1+10) (build 10.0.1+10)
# Java VM: Java HotSpot(TM) 64-Bit Server VM (10.0.1+10, mixed mode, tiered, compressed oops, g1 gc, windows-amd64)
Heap:
 garbage-first heap   total 524288K, used 304856K [0x00000005c1800000, 0x00000007c0000000)
  region size 2048K, 143 young (292864K), 3 survivors (6144K)
 Metaspace       used 46639K, capacity 47960K, committed 48640K, reserved 1093632K
  class space    used 4870K, capacity 5271K, committed 5376K, reserved 1048576K
GC Heap History (10 events):
Event: 0.707 GC heap before
{Heap before GC invocations=1 (full 0):
 garbage-first heap   total 524288K, used 50963K [0x00000005c1800000, 0x00000007c0000000)
  region size 2048K, 23 young (47104K), 2 survivors (4096K)
 Metaspace       used 16607K, capacity 17624K, committed 17920K, reserved 1064960K
  class space    used 1700K, capacity 2034K, committed 2048K, reserved 1048576K
}
Event: 0.713 GC heap after
{Heap after GC invocations=2 (full 0):
 garbage-first heap   total 524288K, used 14946K [0x00000005c1800000, 0x00000007c0000000)
  region size 2048K, 3 young (6144K), 3 survivors (6144K)
 Metaspace       used 16607K, capacity 17624K, committed 17920K, reserved 1064960K
  class space    used 1700K, capacity 2034K, committed 2048K, reserved 1048576K
}
Event: 0.944 GC heap before
{Heap before GC invocations=2 (full 0):
 garbage-first heap   total 524288K, used 25186K [0x00000005c1800000, 0x00000007c0000000)
  region size 2048K, 9 young (18432K), 3 survivors (6144K)
 Metaspace       used 19993K, capacity 21045K, committed 21248K, reserved 1069056K
  class space    used 2092K, capacity 2439K, committed 2560K, reserved 1048576K
}
Event: 0.948 GC heap after
{Heap after GC invocations=3 (full 0):
 garbage-first heap   total 524288K, used 16412K [0x00000005c1800000, 0x00000007c0000000)
  region size 2048K, 1 young (2048K), 1 survivors (2048K)
 Metaspace       used 19993K, capacity 21045K, committed 21248K, reserved 1069056K
  class space    used 2092K, capacity 2439K, committed 2560K, reserved 1048576K
}
Event: 1.541 GC heap before
{Heap before GC invocations=4 (full 0):
 garbage-first heap   total 524288K, used 65564K [0x00000005c1800000, 0x00000007c0000000)
  region size 2048K, 25 young (51200K), 1 survivors (2048K)
 Metaspace       used 26889K, capacity 28076K, committed 28544K, reserved 1075200K
  class space    used 2957K, capacity 3332K, committed 3456K, reserved 1048576K
}
Event: 1.543 GC heap after
{Heap after GC invocations=5 (full 0):
 garbage-first heap   total 524288K, used 17350K [0x00000005c1800000, 0x00000007c0000000)
  region size 2048K, 2 young (4096K), 2 survivors (4096K)
 Metaspace       used 26889K, capacity 28076K, committed 28544K, reserved 1075200K
  class space    used 2957K, capacity 3332K, committed 3456K, reserved 1048576K
}
Event: 2.058 GC heap before
{Heap before GC invocations=5 (full 0):
 garbage-first heap   total 524288K, used 97222K [0x00000005c1800000, 0x00000007c0000000)
  region size 2048K, 41 young (83968K), 2 survivors (4096K)
 Metaspace       used 32203K, capacity 33452K, committed 33920K, reserved 1079296K
  class space    used 3523K, capacity 3875K, committed 3968K, reserved 1048576K
}
Event: 2.062 GC heap after
{Heap after GC invocations=6 (full 0):
 garbage-first heap   total 524288K, used 19303K [0x00000005c1800000, 0x00000007c0000000)
  region size 2048K, 3 young (6144K), 3 survivors (6144K)
 Metaspace       used 32203K, capacity 33452K, committed 33920K, reserved 1079296K
  class space    used 3523K, capacity 3875K, committed 3968K, reserved 1048576K
}
Event: 3.238 GC heap before
{Heap before GC invocations=6 (full 0):
 garbage-first heap   total 524288K, used 64359K [0x00000005c1800000, 0x00000007c0000000)
  region size 2048K, 26 young (53248K), 3 survivors (6144K)
 Metaspace       used 34290K, capacity 35528K, committed 35840K, reserved 1081344K
  class space    used 3736K, capacity 4136K, committed 4224K, reserved 1048576K
}
Event: 3.242 GC heap after
{Heap after GC invocations=7 (full 0):
 garbage-first heap   total 524288K, used 20184K [0x00000005c1800000, 0x00000007c0000000)
  region size 2048K, 3 young (6144K), 3 survivors (6144K)
 Metaspace       used 34290K, capacity 35528K, committed 35840K, reserved 1081344K
  class space    used 3736K, capacity 4136K, committed 4224K, reserved 1048576K
}

